[DreamBlog/server]2022/05/21 - 08:16:23.246	[34minfo[0m	/mnt/e/coding/go-workspace/DreamBlog/initialize/gorm.go:36	è‡ªåŠ¨å»ºè¡¨æˆåŠŸ
[DreamBlog/server]2022/05/21 - 08:16:23.260	[34minfo[0m	/mnt/e/coding/go-workspace/DreamBlog/core/server.go:39	server run success on 	{"address": ":9000"}
[DreamBlog/server]2022/05/21 - 17:15:29.846	[34minfo[0m	/mnt/e/coding/go-workspace/DreamBlog/initialize/gorm.go:36	è‡ªåŠ¨å»ºè¡¨æˆåŠŸ
[DreamBlog/server]2022/05/21 - 17:15:29.857	[34minfo[0m	/mnt/e/coding/go-workspace/DreamBlog/core/server.go:39	server run success on 	{"address": ":9000"}
[DreamBlog/server]2022/05/21 - 17:16:58.227	[34minfo[0m	/mnt/e/coding/go-workspace/DreamBlog/initialize/gorm.go:36	è‡ªåŠ¨å»ºè¡¨æˆåŠŸ
[DreamBlog/server]2022/05/21 - 17:16:58.233	[34minfo[0m	/mnt/e/coding/go-workspace/DreamBlog/core/server.go:39	server run success on 	{"address": ":9000"}
[DreamBlog/server]2022/05/21 - 17:24:25.767	[34minfo[0m	/mnt/e/coding/go-workspace/DreamBlog/initialize/gorm.go:36	è‡ªåŠ¨å»ºè¡¨æˆåŠŸ
[DreamBlog/server]2022/05/21 - 17:24:25.774	[34minfo[0m	/mnt/e/coding/go-workspace/DreamBlog/core/server.go:39	server run success on 	{"address": ":9000"}
[DreamBlog/server]2022/05/21 - 17:24:57.299	[34minfo[0m	E:/coding/go-workspace/DreamBlog/initialize/gorm.go:36	è‡ªåŠ¨å»ºè¡¨æˆåŠŸ
[DreamBlog/server]2022/05/21 - 17:24:57.310	[34minfo[0m	E:/coding/go-workspace/DreamBlog/core/server.go:39	server run success on 	{"address": ":9000"}
[DreamBlog/server]2022/05/21 - 17:49:29.333	[34minfo[0m	E:/coding/go-workspace/DreamBlog/initialize/gorm.go:35	è‡ªåŠ¨å»ºè¡¨æˆåŠŸ
[DreamBlog/server]2022/05/21 - 17:49:29.341	[34minfo[0m	E:/coding/go-workspace/DreamBlog/core/server.go:39	server run success on 	{"address": ":9000"}
[DreamBlog/server]2022/05/21 - 17:57:56.121	[34minfo[0m	E:/coding/go-workspace/DreamBlog/initialize/gorm.go:35	è‡ªåŠ¨å»ºè¡¨æˆåŠŸ
[DreamBlog/server]2022/05/21 - 17:57:56.133	[34minfo[0m	E:/coding/go-workspace/DreamBlog/core/server.go:39	server run success on 	{"address": ":9000"}
[DreamBlog/server]2022/05/21 - 17:58:22.821	[34minfo[0m	E:/coding/go-workspace/DreamBlog/initialize/gorm.go:35	è‡ªåŠ¨å»ºè¡¨æˆåŠŸ
[DreamBlog/server]2022/05/21 - 17:58:22.836	[34minfo[0m	E:/coding/go-workspace/DreamBlog/core/server.go:39	server run success on 	{"address": ":9000"}
[DreamBlog/server]2022/05/21 - 18:00:43.331	[34minfo[0m	E:/coding/go-workspace/DreamBlog/initialize/gorm.go:35	è‡ªåŠ¨å»ºè¡¨æˆåŠŸ
[DreamBlog/server]2022/05/21 - 18:00:43.350	[34minfo[0m	E:/coding/go-workspace/DreamBlog/core/server.go:39	server run success on 	{"address": ":9000"}
[DreamBlog/server]2022/05/21 - 18:04:10.460	[34minfo[0m	E:/coding/go-workspace/DreamBlog/initialize/gorm.go:35	è‡ªåŠ¨å»ºè¡¨æˆåŠŸ
[DreamBlog/server]2022/05/21 - 18:04:10.480	[34minfo[0m	E:/coding/go-workspace/DreamBlog/core/server.go:39	server run success on 	{"address": ":9000"}
[DreamBlog/server]2022/05/21 - 18:19:40.305	[34minfo[0m	E:/coding/go-workspace/DreamBlog/initialize/gorm.go:35	è‡ªåŠ¨å»ºè¡¨æˆåŠŸ
[DreamBlog/server]2022/05/21 - 18:19:40.318	[34minfo[0m	E:/coding/go-workspace/DreamBlog/core/server.go:39	server run success on 	{"address": ":9000"}
[DreamBlog/server]2022/05/21 - 18:24:34.065	[34minfo[0m	E:/coding/go-workspace/DreamBlog/initialize/gorm.go:35	è‡ªåŠ¨å»ºè¡¨æˆåŠŸ
[DreamBlog/server]2022/05/21 - 18:24:34.081	[34minfo[0m	E:/coding/go-workspace/DreamBlog/core/server.go:39	server run success on 	{"address": ":9000"}
[DreamBlog/server]2022/05/21 - 18:29:44.754	[34minfo[0m	E:/coding/go-workspace/DreamBlog/initialize/gorm.go:35	è‡ªåŠ¨å»ºè¡¨æˆåŠŸ
[DreamBlog/server]2022/05/21 - 18:29:44.773	[34minfo[0m	E:/coding/go-workspace/DreamBlog/core/server.go:39	server run success on 	{"address": ":9000"}
[DreamBlog/server]2022/05/21 - 20:49:41.150	[34minfo[0m	E:/coding/go-workspace/DreamBlog/initialize/gorm.go:35	è‡ªåŠ¨å»ºè¡¨æˆåŠŸ
[DreamBlog/server]2022/05/21 - 20:49:41.157	[34minfo[0m	E:/coding/go-workspace/DreamBlog/core/server.go:39	server run success on 	{"address": ":9000"}
[DreamBlog/server]2022/05/21 - 22:05:20.938	[34minfo[0m	E:/coding/go-workspace/DreamBlog/initialize/gorm.go:35	è‡ªåŠ¨å»ºè¡¨æˆåŠŸ
[DreamBlog/server]2022/05/21 - 22:05:20.951	[34minfo[0m	E:/coding/go-workspace/DreamBlog/core/server.go:39	server run success on 	{"address": ":9000"}
[DreamBlog/server]2022/05/21 - 22:11:56.192	[34minfo[0m	E:/coding/go-workspace/DreamBlog/initialize/gorm.go:35	è‡ªåŠ¨å»ºè¡¨æˆåŠŸ
[DreamBlog/server]2022/05/21 - 22:11:56.203	[34minfo[0m	E:/coding/go-workspace/DreamBlog/core/server.go:39	server run success on 	{"address": ":9000"}
[DreamBlog/server]2022/05/21 - 22:13:02.039	[34minfo[0m	E:/coding/go-workspace/DreamBlog/initialize/gorm.go:35	è‡ªåŠ¨å»ºè¡¨æˆåŠŸ
[DreamBlog/server]2022/05/21 - 22:13:02.055	[34minfo[0m	E:/coding/go-workspace/DreamBlog/core/server.go:39	server run success on 	{"address": ":9000"}
[DreamBlog/server]2022/05/21 - 23:17:51.255	[34minfo[0m	E:/coding/go-workspace/DreamBlog/initialize/gorm.go:35	è‡ªåŠ¨å»ºè¡¨æˆåŠŸ
[DreamBlog/server]2022/05/21 - 23:17:51.259	[34minfo[0m	E:/coding/go-workspace/DreamBlog/initialize/router.go:30	use middleware logger
[DreamBlog/server]2022/05/21 - 23:17:51.259	[34minfo[0m	E:/coding/go-workspace/DreamBlog/initialize/router.go:36	register swagger handler
[DreamBlog/server]2022/05/21 - 23:17:51.260	[34minfo[0m	E:/coding/go-workspace/DreamBlog/initialize/router.go:55	è·¯ç”±æ³¨å†ŒæˆåŠŸï¼
[DreamBlog/server]2022/05/21 - 23:17:51.271	[34minfo[0m	E:/coding/go-workspace/DreamBlog/core/server.go:39	server run success on 	{"address": ":9000"}
[DreamBlog/server]2022/05/21 - 23:20:35.249	[34minfo[0m	E:/coding/go-workspace/DreamBlog/initialize/gorm.go:35	è‡ªåŠ¨å»ºè¡¨æˆåŠŸ
[DreamBlog/server]2022/05/21 - 23:20:35.253	[34minfo[0m	E:/coding/go-workspace/DreamBlog/initialize/router.go:30	use middleware logger
[DreamBlog/server]2022/05/21 - 23:20:35.253	[34minfo[0m	E:/coding/go-workspace/DreamBlog/initialize/router.go:36	register swagger handler
[DreamBlog/server]2022/05/21 - 23:20:35.254	[34minfo[0m	E:/coding/go-workspace/DreamBlog/initialize/router.go:55	è·¯ç”±æ³¨å†ŒæˆåŠŸï¼
[DreamBlog/server]2022/05/21 - 23:20:35.255	[34minfo[0m	E:/coding/go-workspace/DreamBlog/core/server.go:39	server run success on 	{"address": ":9000"}
[DreamBlog/server]2022/05/21 - 23:21:37.632	[34minfo[0m	E:/coding/go-workspace/DreamBlog/initialize/gorm.go:35	è‡ªåŠ¨å»ºè¡¨æˆåŠŸ
[DreamBlog/server]2022/05/21 - 23:21:37.634	[34minfo[0m	E:/coding/go-workspace/DreamBlog/initialize/router.go:30	use middleware logger
[DreamBlog/server]2022/05/21 - 23:21:37.635	[34minfo[0m	E:/coding/go-workspace/DreamBlog/initialize/router.go:36	register swagger handler
[DreamBlog/server]2022/05/21 - 23:21:37.636	[34minfo[0m	E:/coding/go-workspace/DreamBlog/initialize/router.go:55	è·¯ç”±æ³¨å†ŒæˆåŠŸï¼
[DreamBlog/server]2022/05/21 - 23:21:37.648	[34minfo[0m	E:/coding/go-workspace/DreamBlog/core/server.go:39	server run success on 	{"address": ":9000"}
[DreamBlog/server]2022/05/21 - 23:23:22.118	[34minfo[0m	E:/coding/go-workspace/DreamBlog/initialize/gorm.go:35	è‡ªåŠ¨å»ºè¡¨æˆåŠŸ
[DreamBlog/server]2022/05/21 - 23:23:22.121	[34minfo[0m	E:/coding/go-workspace/DreamBlog/initialize/router.go:30	use middleware logger
[DreamBlog/server]2022/05/21 - 23:23:22.121	[34minfo[0m	E:/coding/go-workspace/DreamBlog/initialize/router.go:36	register swagger handler
[DreamBlog/server]2022/05/21 - 23:23:22.122	[34minfo[0m	E:/coding/go-workspace/DreamBlog/initialize/router.go:55	è·¯ç”±æ³¨å†ŒæˆåŠŸï¼
[DreamBlog/server]2022/05/21 - 23:23:22.126	[34minfo[0m	E:/coding/go-workspace/DreamBlog/core/server.go:39	server run success on 	{"address": ":9000"}
[DreamBlog/server]2022/05/21 - 23:39:28.217	[34minfo[0m	E:/coding/go-workspace/DreamBlog/initialize/gorm.go:35	è‡ªåŠ¨å»ºè¡¨æˆåŠŸ
[DreamBlog/server]2022/05/21 - 23:39:28.220	[34minfo[0m	E:/coding/go-workspace/DreamBlog/initialize/router.go:30	use middleware logger
[DreamBlog/server]2022/05/21 - 23:39:28.220	[34minfo[0m	E:/coding/go-workspace/DreamBlog/initialize/router.go:36	register swagger handler
[DreamBlog/server]2022/05/21 - 23:39:28.221	[34minfo[0m	E:/coding/go-workspace/DreamBlog/initialize/router.go:55	è·¯ç”±æ³¨å†ŒæˆåŠŸï¼
[DreamBlog/server]2022/05/21 - 23:39:28.222	[34minfo[0m	E:/coding/go-workspace/DreamBlog/core/server.go:39	server run success on 	{"address": ":9000"}
[DreamBlog/server]2022/05/21 - 23:39:31.490	[34minfo[0m	E:/coding/go-workspace/DreamBlog/middleware/cors.go:54	localhost
[DreamBlog/server]2022/05/21 - 23:48:55.630	[34minfo[0m	E:/coding/go-workspace/DreamBlog/initialize/gorm.go:35	è‡ªåŠ¨å»ºè¡¨æˆåŠŸ
[DreamBlog/server]2022/05/21 - 23:48:55.634	[34minfo[0m	E:/coding/go-workspace/DreamBlog/initialize/router.go:30	use middleware logger
[DreamBlog/server]2022/05/21 - 23:48:55.634	[34minfo[0m	E:/coding/go-workspace/DreamBlog/initialize/router.go:36	register swagger handler
[DreamBlog/server]2022/05/21 - 23:48:55.635	[34minfo[0m	E:/coding/go-workspace/DreamBlog/initialize/router.go:55	è·¯ç”±æ³¨å†ŒæˆåŠŸï¼
[DreamBlog/server]2022/05/21 - 23:48:55.639	[34minfo[0m	E:/coding/go-workspace/DreamBlog/core/server.go:39	server run success on 	{"address": ":9000"}
[DreamBlog/server]2022/05/21 - 23:50:13.787	[34minfo[0m	E:/coding/go-workspace/DreamBlog/initialize/gorm.go:35	è‡ªåŠ¨å»ºè¡¨æˆåŠŸ
[DreamBlog/server]2022/05/21 - 23:50:13.790	[34minfo[0m	E:/coding/go-workspace/DreamBlog/initialize/router.go:30	use middleware logger
[DreamBlog/server]2022/05/21 - 23:50:13.790	[34minfo[0m	E:/coding/go-workspace/DreamBlog/initialize/router.go:36	register swagger handler
[DreamBlog/server]2022/05/21 - 23:50:13.791	[34minfo[0m	E:/coding/go-workspace/DreamBlog/initialize/router.go:55	è·¯ç”±æ³¨å†ŒæˆåŠŸï¼
[DreamBlog/server]2022/05/21 - 23:50:13.795	[34minfo[0m	E:/coding/go-workspace/DreamBlog/core/server.go:39	server run success on 	{"address": ":9000"}
