[DreamBlog/server]2022/05/15 - 11:24:20.348	[31merror[0m	/mnt/e/coding/go-workspace/DreamBlog/utils/clamins.go:25	ä»Ginçš„Contextè§£ætokenå¤±è´¥
[DreamBlog/server]2022/05/15 - 11:24:27.308	[31merror[0m	/mnt/e/coding/go-workspace/DreamBlog/utils/clamins.go:25	ä»Ginçš„Contextè§£ætokenå¤±è´¥
[DreamBlog/server]2022/05/15 - 14:33:43.635	[31merror[0m	/mnt/e/coding/go-workspace/DreamBlog/initialize/gorm.go:33	è‡ªåŠ¨å»ºè¡¨å¤±è´¥	{"error": "invalid field found for struct dream-blog/model/system.BlackRecord's field ID: define a valid foreign key for relations or implement the Valuer/Scanner interface"}
[DreamBlog/server]2022/05/15 - 14:39:58.282	[31merror[0m	/mnt/e/coding/go-workspace/DreamBlog/initialize/gorm.go:33	è‡ªåŠ¨å»ºè¡¨å¤±è´¥	{"error": "invalid field found for struct dream-blog/model/system.BlackRecord's field ID: define a valid foreign key for relations or implement the Valuer/Scanner interface"}
[DreamBlog/server]2022/05/15 - 14:44:52.312	[31merror[0m	/mnt/e/coding/go-workspace/DreamBlog/service/system/black_record.go:24	jwté»‘åå•åŠ è½½å¤±è´¥	{"error": "Error 1054: Unknown column 'jwt' in 'field list'"}
[DreamBlog/server]2022/05/15 - 14:59:22.118	[31merror[0m	/mnt/e/coding/go-workspace/DreamBlog/service/system/black_record.go:24	jwté»‘åå•åŠ è½½å¤±è´¥	{"error": "Error 1054: Unknown column 'jwt' in 'field list'"}
[DreamBlog/server]2022/05/15 - 15:00:26.274	[31merror[0m	/mnt/e/coding/go-workspace/DreamBlog/service/system/black_record.go:24	jwté»‘åå•åŠ è½½å¤±è´¥	{"error": "Error 1054: Unknown column 'jwt' in 'field list'"}
[DreamBlog/server]2022/05/15 - 15:01:40.295	[31merror[0m	/mnt/e/coding/go-workspace/DreamBlog/service/system/black_record.go:24	jwté»‘åå•åŠ è½½å¤±è´¥	{"error": "Error 1054: Unknown column 'jwt' in 'field list'"}
[DreamBlog/server]2022/05/15 - 15:02:15.209	[31merror[0m	/mnt/e/coding/go-workspace/DreamBlog/service/system/black_record.go:24	jwté»‘åå•åŠ è½½å¤±è´¥	{"error": "Error 1054: Unknown column 'jwt' in 'field list'"}
[DreamBlog/server]2022/05/15 - 15:04:01.305	[31merror[0m	/mnt/e/coding/go-workspace/DreamBlog/service/system/black_record.go:24	jwté»‘åå•åŠ è½½å¤±è´¥	{"error": "Error 1054: Unknown column 'jwt' in 'field list'"}
[DreamBlog/server]2022/05/15 - 15:05:40.980	[31merror[0m	/mnt/e/coding/go-workspace/DreamBlog/service/system/black_record.go:24	jwté»‘åå•åŠ è½½å¤±è´¥	{"error": "Error 1054: Unknown column 'jwt' in 'field list'"}
[DreamBlog/server]2022/05/15 - 15:10:55.337	[31merror[0m	/mnt/e/coding/go-workspace/DreamBlog/service/system/black_record.go:24	jwté»‘åå•åŠ è½½å¤±è´¥	{"error": "Error 1054: Unknown column 'jwt' in 'field list'"}
[DreamBlog/server]2022/05/15 - 15:13:24.463	[31merror[0m	/mnt/e/coding/go-workspace/DreamBlog/service/system/black_record.go:24	jwté»‘åå•åŠ è½½å¤±è´¥	{"error": "Error 1054: Unknown column 'jwt' in 'field list'"}
[DreamBlog/server]2022/05/15 - 15:13:58.693	[31merror[0m	/mnt/e/coding/go-workspace/DreamBlog/initialize/gorm.go:33	è‡ªåŠ¨å»ºè¡¨å¤±è´¥	{"error": "Error 1067: Invalid default value for 'last_login_time'"}
[DreamBlog/server]2022/05/15 - 15:21:11.210	[31merror[0m	/mnt/e/coding/go-workspace/DreamBlog/initialize/gorm.go:33	è‡ªåŠ¨å»ºè¡¨å¤±è´¥	{"error": "Error 1064: You have an error in your SQL syntax; check the manual that corresponds to your MySQL server version for the right syntax to use near 'nil COMMENT '\\'æ›´æ–°æ—¶é—´\\'',`is_deleted` bit(1),`deleted_time` datetime DEFAU' at line 1"}
[DreamBlog/server]2022/05/15 - 15:28:41.783	[31merror[0m	/mnt/e/coding/go-workspace/DreamBlog/initialize/gorm.go:33	è‡ªåŠ¨å»ºè¡¨å¤±è´¥	{"error": "Error 1067: Invalid default value for 'last_login_time'"}
[DreamBlog/server]2022/05/15 - 15:29:05.550	[31merror[0m	/mnt/e/coding/go-workspace/DreamBlog/service/system/black_record.go:24	jwté»‘åå•åŠ è½½å¤±è´¥	{"error": "Error 1054: Unknown column 'jwt' in 'field list'"}
[DreamBlog/server]2022/05/15 - 15:39:10.158	[31merror[0m	/mnt/e/coding/go-workspace/DreamBlog/service/system/black_record.go:24	jwté»‘åå•åŠ è½½å¤±è´¥	{"error": "Error 1054: Unknown column 'jwt' in 'field list'"}
[DreamBlog/server]2022/05/15 - 15:42:26.224	[31merror[0m	/mnt/e/coding/go-workspace/DreamBlog/service/system/black_record.go:24	jwté»‘åå•åŠ è½½å¤±è´¥	{"error": "Error 1054: Unknown column 'jwt' in 'field list'"}
[DreamBlog/server]2022/05/15 - 15:43:16.486	[31merror[0m	/mnt/e/coding/go-workspace/DreamBlog/service/system/black_record.go:24	jwté»‘åå•åŠ è½½å¤±è´¥	{"error": "Error 1054: Unknown column 'jwt' in 'field list'"}
[DreamBlog/server]2022/05/15 - 15:47:14.835	[31merror[0m	/mnt/e/coding/go-workspace/DreamBlog/service/system/black_record.go:24	jwté»‘åå•åŠ è½½å¤±è´¥	{"error": "Error 1054: Unknown column 'jwt' in 'field list'"}
[DreamBlog/server]2022/05/15 - 16:01:42.584	[31merror[0m	/mnt/e/coding/go-workspace/DreamBlog/service/system/black_record.go:24	jwté»‘åå•åŠ è½½å¤±è´¥	{"error": "Error 1054: Unknown column 'jwt' in 'field list'"}
[DreamBlog/server]2022/05/15 - 18:23:20.777	[31merror[0m	/mnt/e/coding/go-workspace/DreamBlog/service/system/black_record.go:24	jwté»‘åå•åŠ è½½å¤±è´¥	{"error": "Error 1054: Unknown column 'jwt' in 'field list'"}
[DreamBlog/server]2022/05/15 - 18:23:24.649	[31merror[0m	/mnt/e/coding/go-workspace/DreamBlog/app/v1/system/account_controller.go:39	æ³¨å†Œå¤±è´¥	{"error": "ç”¨æˆ·åå·²æ³¨å†Œ"}
[DreamBlog/server]2022/05/15 - 18:24:59.582	[31merror[0m	/mnt/e/coding/go-workspace/DreamBlog/app/v1/system/account_controller.go:39	æ³¨å†Œå¤±è´¥	{"error": "ç”¨æˆ·åå·²æ³¨å†Œ"}
[DreamBlog/server]2022/05/15 - 18:27:50.022	[31merror[0m	/mnt/e/coding/go-workspace/DreamBlog/app/v1/system/account_controller.go:39	æ³¨å†Œå¤±è´¥	{"error": "ç”¨æˆ·åå·²æ³¨å†Œ"}
[DreamBlog/server]2022/05/15 - 18:28:04.829	[31merror[0m	/mnt/e/coding/go-workspace/DreamBlog/app/v1/system/account_controller.go:39	æ³¨å†Œå¤±è´¥	{"error": "ç”¨æˆ·åå·²æ³¨å†Œ"}
[DreamBlog/server]2022/05/15 - 18:28:59.416	[31merror[0m	/mnt/e/coding/go-workspace/DreamBlog/app/v1/system/account_controller.go:39	æ³¨å†Œå¤±è´¥	{"error": "ç”¨æˆ·åå·²æ³¨å†Œ"}
[DreamBlog/server]2022/05/15 - 18:30:01.198	[31merror[0m	/mnt/e/coding/go-workspace/DreamBlog/app/v1/system/account_controller.go:39	æ³¨å†Œå¤±è´¥	{"error": "ç”¨æˆ·åå·²æ³¨å†Œ"}
[DreamBlog/server]2022/05/15 - 18:30:12.897	[31merror[0m	/mnt/e/coding/go-workspace/DreamBlog/app/v1/system/account_controller.go:39	æ³¨å†Œå¤±è´¥	{"error": "ç”¨æˆ·åå·²æ³¨å†Œ"}
[DreamBlog/server]2022/05/15 - 18:32:15.189	[31merror[0m	/mnt/e/coding/go-workspace/DreamBlog/service/system/black_record.go:24	jwté»‘åå•åŠ è½½å¤±è´¥	{"error": "Error 1054: Unknown column 'jwt' in 'field list'"}
[DreamBlog/server]2022/05/15 - 18:32:29.382	[31merror[0m	/mnt/e/coding/go-workspace/DreamBlog/app/v1/system/account_controller.go:39	æ³¨å†Œå¤±è´¥	{"error": "ç”¨æˆ·åå·²æ³¨å†Œ"}
[DreamBlog/server]2022/05/15 - 18:32:45.800	[31merror[0m	/mnt/e/coding/go-workspace/DreamBlog/service/system/black_record.go:24	jwté»‘åå•åŠ è½½å¤±è´¥	{"error": "Error 1054: Unknown column 'jwt' in 'field list'"}
[DreamBlog/server]2022/05/15 - 18:32:49.586	[31merror[0m	/mnt/e/coding/go-workspace/DreamBlog/app/v1/system/account_controller.go:39	æ³¨å†Œå¤±è´¥	{"error": "Error 1406: Data too long for column 'credential' at row 1"}
[DreamBlog/server]2022/05/15 - 18:34:14.356	[31merror[0m	/mnt/e/coding/go-workspace/DreamBlog/service/system/black_record.go:24	jwté»‘åå•åŠ è½½å¤±è´¥	{"error": "Error 1054: Unknown column 'jwt' in 'field list'"}
[DreamBlog/server]2022/05/15 - 18:48:45.159	[31merror[0m	/mnt/e/coding/go-workspace/DreamBlog/service/system/black_record.go:24	jwté»‘åå•åŠ è½½å¤±è´¥	{"error": "Error 1054: Unknown column 'jwt' in 'field list'"}
[DreamBlog/server]2022/05/15 - 23:36:14.209	[31merror[0m	/mnt/e/coding/go-workspace/DreamBlog/service/system/black_record.go:24	jwté»‘åå•åŠ è½½å¤±è´¥	{"error": "Error 1054: Unknown column 'jwt' in 'field list'"}
[DreamBlog/server]2022/05/15 - 23:40:12.974	[31merror[0m	/mnt/e/coding/go-workspace/DreamBlog/service/system/black_record.go:24	jwté»‘åå•åŠ è½½å¤±è´¥	{"error": "Error 1054: Unknown column 'jwt' in 'field list'"}
[DreamBlog/server]2022/05/15 - 23:40:16.364	[31merror[0m	/mnt/e/coding/go-workspace/DreamBlog/app/v1/system/account_controller.go:35	ç™»é™†å¤±è´¥! ç”¨æˆ·åä¸å­˜åœ¨æˆ–è€…å¯†ç é”™è¯¯!	{"error": "sql: Scan error on column index 9, name \"last_login_time\": unsupported Scan, storing driver.Value type []uint8 into type *time.Time"}
[DreamBlog/server]2022/05/15 - 23:43:33.533	[31merror[0m	/mnt/e/coding/go-workspace/DreamBlog/service/system/black_record.go:24	jwté»‘åå•åŠ è½½å¤±è´¥	{"error": "Error 1054: Unknown column 'jwt' in 'field list'"}
[DreamBlog/server]2022/05/15 - 23:43:37.278	[31merror[0m	/mnt/e/coding/go-workspace/DreamBlog/app/v1/system/account_controller.go:35	ç™»é™†å¤±è´¥! ç”¨æˆ·åä¸å­˜åœ¨æˆ–è€…å¯†ç é”™è¯¯!	{"error": "sql: Scan error on column index 11, name \"is_email_confirmed\": sql/driver: couldn't convert \"\\x00\" into type bool"}
[DreamBlog/server]2022/05/15 - 23:46:28.377	[31merror[0m	/mnt/e/coding/go-workspace/DreamBlog/app/v1/system/account_controller.go:35	ç™»é™†å¤±è´¥! ç”¨æˆ·åä¸å­˜åœ¨æˆ–è€…å¯†ç é”™è¯¯!	{"error": "sql: Scan error on column index 11, name \"is_email_confirmed\": sql/driver: couldn't convert \"\\x00\" into type bool"}
[DreamBlog/server]2022/05/15 - 23:49:14.672	[31merror[0m	/mnt/e/coding/go-workspace/DreamBlog/app/v1/system/account_controller.go:35	ç™»é™†å¤±è´¥! ç”¨æˆ·åä¸å­˜åœ¨æˆ–è€…å¯†ç é”™è¯¯!	{"error": "record not found"}
[DreamBlog/server]2022/05/15 - 23:49:27.382	[31merror[0m	/mnt/e/coding/go-workspace/DreamBlog/app/v1/system/account_controller.go:35	ç™»é™†å¤±è´¥! ç”¨æˆ·åä¸å­˜åœ¨æˆ–è€…å¯†ç é”™è¯¯!	{"error": "record not found"}
[DreamBlog/server]2022/05/15 - 23:49:47.335	[31merror[0m	/mnt/e/coding/go-workspace/DreamBlog/app/v1/system/account_controller.go:35	ç™»é™†å¤±è´¥! ç”¨æˆ·åä¸å­˜åœ¨æˆ–è€…å¯†ç é”™è¯¯!	{"error": "record not found"}
